0.000 [ Info   ][Logger] No ORO_LOGLEVEL environment variable set.
0.000 [ Info   ][Logger]  OROCOS version '2.7.0' compiled with GCC 4.6.3. Running in GNU/Linux.
0.000 [ Info   ][Logger] Orocos Logging Activated at level : [ Warning] ( 4 ) 
0.000 [ Info   ][Logger] Reference System Time is : 1403862730975082346 ticks ( 1.40386e+09 seconds ).
0.000 [ Info   ][Logger] Logging is relative to this time.
0.000 [ Info   ][Logger] RTT_COMPONENT_PATH was set to: /opt/ros/hydro/lib/orocos:/home/klarl/planepower/components/main:/home/klarl/planepower/components/carousel2:/home/klarl/planepower/components/carousel2/lineAngleSensor2:/home/klarl/planepower/components/carousel2/siemensSensors:/home/klarl/planepower/components/carousel2/siemensActuators:/home/klarl/planepower/components/carousel2/gainLoader/resampler . Searching in: /opt/ros/hydro/lib/orocos:/home/klarl/planepower/components/main:/home/klarl/planepower/components/carousel2:/home/klarl/planepower/components/carousel2/lineAngleSensor2:/home/klarl/planepower/components/carousel2/siemensSensors:/home/klarl/planepower/components/carousel2/siemensActuators:/home/klarl/planepower/components/carousel2/gainLoader/resampler
0.000 [ Info   ][Logger] plugin 'rtt' not loaded before.
0.000 [ Info   ][Logger] Loading plugin libraries from directory /opt/ros/hydro/lib/orocos/gnulinux/./plugins ...
0.000 [ Info   ][Logger] Loaded RTT Service 'marshalling' from 'rtt-marshalling'
0.000 [ Info   ][Logger] Loaded RTT Service 'scripting' from 'rtt-scripting'
0.000 [ Info   ][Logger] typekit 'rtt' not loaded before.
0.001 [ Info   ][Logger] Loading typekit libraries from directory /opt/ros/hydro/lib/orocos/gnulinux/./types ...
0.010 [ Info   ][TypekitRepository::Import] Loading Typekit rtt-types.
0.011 [ Info   ][Logger] Loaded RTT TypeKit/Transport 'rtt-types' from 'rtt-typekit'
0.012 [ Info   ][TypekitRepository::Import] Loading Transport mqueue://rtt-types.
0.012 [ Info   ][TypekitRepository::Import] Registered new 'mqueue' transport for array
0.012 [ Info   ][TypekitRepository::Import] Registered new 'mqueue' transport for bool
0.012 [ Info   ][TypekitRepository::Import] Registered new 'mqueue' transport for char
0.012 [ Info   ][TypekitRepository::Import] Registered new 'mqueue' transport for double
0.012 [ Info   ][TypekitRepository::Import] Registered new 'mqueue' transport for float
0.012 [ Info   ][TypekitRepository::Import] Registered new 'mqueue' transport for int
0.012 [ Info   ][TypekitRepository::Import] Registered new 'mqueue' transport for uint
0.012 [ Info   ][Logger] Loaded RTT TypeKit/Transport 'rtt-mqueue-transport' from 'rtt-transport-mqueue'
0.022 [ Info   ][TypekitRepository::Import] Loading Transport CORBA://rtt-types.
0.022 [ Info   ][TypekitRepository::Import] Registered new 'CORBA' transport for ConnPolicy
0.022 [ Info   ][TypekitRepository::Import] Registered new 'CORBA' transport for TaskContext
0.022 [ Info   ][TypekitRepository::Import] Registered new 'CORBA' transport for array
0.022 [ Info   ][TypekitRepository::Import] Registered new 'CORBA' transport for bool
0.022 [ Info   ][TypekitRepository::Import] Registered new 'CORBA' transport for char
0.022 [ Info   ][TypekitRepository::Import] Registered new 'CORBA' transport for double
0.022 [ Info   ][TypekitRepository::Import] Registered new 'CORBA' transport for float
0.022 [ Info   ][TypekitRepository::Import] Registered new 'CORBA' transport for int
0.022 [ Info   ][TypekitRepository::Import] Registered new 'CORBA' transport for rt_string
0.022 [ Info   ][TypekitRepository::Import] Registered new 'CORBA' transport for string
0.022 [ Info   ][TypekitRepository::Import] Registered new 'CORBA' transport for uint
0.022 [ Info   ][TypekitRepository::Import] Registered new 'CORBA' transport for void
0.022 [ Info   ][Logger] Loaded RTT TypeKit/Transport 'rtt-corba-types' from 'rtt-transport-corba'
0.022 [ Info   ][Logger] Loading typekit libraries from directory /home/klarl/planepower/components/carousel2/lineAngleSensor2/./types ...
0.028 [ Info   ][TypekitRepository::Import] Loading Typekit LineAnglesTypekit.
0.028 [ Info   ][Logger] Loaded RTT TypeKit/Transport 'LineAnglesTypekit' from 'LineAngles.so'
0.029 [ Info   ][Logger] Loading typekit libraries from directory /home/klarl/planepower/components/carousel2/siemensSensors/./types ...
0.030 [ Info   ][TypekitRepository::Import] Loading Typekit SiemensDriveStateTypekit.
0.030 [ Info   ][Logger] Loaded RTT TypeKit/Transport 'SiemensDriveStateTypekit' from 'SiemensDriveState.so'
0.030 [ Info   ][Logger] Loading typekit libraries from directory /home/klarl/planepower/components/carousel2/siemensActuators/./types ...
0.031 [ Info   ][TypekitRepository::Import] Loading Typekit SiemensDriveCommandTypekit.
0.031 [ Info   ][Logger] Loaded RTT TypeKit/Transport 'SiemensDriveCommandTypekit' from 'SiemensDriveCommand.so'
0.031 [ Info   ][Logger] RTT_COMPONENT_PATH was set to: /opt/ros/hydro/lib/orocos:/home/klarl/planepower/components/main:/home/klarl/planepower/components/carousel2:/home/klarl/planepower/components/carousel2/lineAngleSensor2:/home/klarl/planepower/components/carousel2/siemensSensors:/home/klarl/planepower/components/carousel2/siemensActuators:/home/klarl/planepower/components/carousel2/gainLoader/resampler . Searching in: /opt/ros/hydro/lib/orocos:/home/klarl/planepower/components/main:/home/klarl/planepower/components/carousel2:/home/klarl/planepower/components/carousel2/lineAngleSensor2:/home/klarl/planepower/components/carousel2/siemensSensors:/home/klarl/planepower/components/carousel2/siemensActuators:/home/klarl/planepower/components/carousel2/gainLoader/resampler
0.031 [ Info   ][Thread] Creating Thread for scheduler=ORO_SCHED_OTHER, priority=1, CPU affinity=0, with name='lua'
0.031 [ Info   ][lua] Thread created with scheduler type 'ORO_SCHED_OTHER', priority 0, cpu affinity 255 and period 0 (PID= 11472 ).
0.031 [ Info   ][Thread] Creating Thread for scheduler=ORO_SCHED_OTHER, priority=1, CPU affinity=0, with name='GlobalEngine'
0.032 [ Info   ][GlobalEngine] Thread created with scheduler type 'ORO_SCHED_OTHER', priority 0, cpu affinity 255 and period 0 (PID= 11473 ).
0.032 [ Info   ][Thread] Creating Thread for scheduler=ORO_SCHED_OTHER, priority=1, CPU affinity=0, with name='Deployer'
0.032 [ Info   ][Deployer] Thread created with scheduler type 'ORO_SCHED_OTHER', priority 0, cpu affinity 255 and period 0 (PID= 11474 ).
0.032 [ Info   ][/opt/ros/hydro/bin/rttlua-gnulinux::main()] No site file was found. Importing 'ocl' by default.
0.033 [ Info   ][ComponentLoader::import(path_list)] Importing directory /opt/ros/hydro/lib/orocos/gnulinux/ocl ...
0.034 [ Info   ][ComponentLoader::import(path_list)] Loaded multi component library '/opt/ros/hydro/lib/orocos/gnulinux/ocl/liborocos-ocl-reporting-gnulinux.so'
0.034 [ Info   ][ComponentLoader::import(path_list)] Loaded component type 'OCL::LuaComponent'
0.045 [ Info   ][ComponentLoader::import(path_list)] Loaded multi component library '/opt/ros/hydro/lib/orocos/gnulinux/ocl/liborocos-ocl-reporting-netcdf-gnulinux.so'
0.045 [ Info   ][ComponentLoader::import(path_list)] Loaded component type 'OCL::NetcdfReporting'
0.045 [ Info   ][ComponentLoader::import(path_list)] Loaded multi component library '/opt/ros/hydro/lib/orocos/gnulinux/ocl/liborocos-ocl-common-gnulinux.so'
0.046 [ Info   ][ComponentLoader::import(path_list)] Loaded component type 'OCL::LuaTLSFComponent'
0.047 [ Info   ][ComponentLoader::import(path_list)] Loaded multi component library '/opt/ros/hydro/lib/orocos/gnulinux/ocl/liborocos-ocl-logging-gnulinux.so'
0.048 [ Info   ][ComponentLoader::import(path_list)] Loaded component type 'OCL::HelloWorld'
0.049 [ Info   ][ComponentLoader::import(path_list)] Loaded multi component library '/opt/ros/hydro/lib/orocos/gnulinux/ocl/liborocos-ocl-timer-gnulinux.so'
0.049 [ Info   ][ComponentLoader::import(path_list)] Loading typekit libraries from directory /opt/ros/hydro/lib/orocos/gnulinux/ocl/types ...
0.049 [ Info   ][TypekitRepository::Import] Loading Typekit OCLTypekit.
0.049 [ Info   ][ComponentLoader::import(path_list)] Loaded RTT TypeKit/Transport 'OCLTypekit' from 'ocl'
0.050 [ Info   ][ComponentLoader::import(path_list)] Loading plugin libraries from directory /opt/ros/hydro/lib/orocos/gnulinux/ocl/plugins ...
0.050 [ Info   ][ComponentLoader::import(path_list)] Loaded RTT Service 'print' from 'print'
0.050 [ Info   ][ComponentLoader::import(path_list)] Loaded RTT Service 'Lua' from 'rttlua-plugin'
0.050 [ Info   ][ComponentLoader::import(path_list)] Loaded RTT Service 'LuaTLSF' from 'rttlua-tlsf-plugin'
0.050 [ Info   ][ComponentLoader::import(path_list)] Loaded RTT Service 'os' from 'os'
0.053 [ Info   ][/opt/ros/hydro/bin/rttlua-gnulinux::main()] Loading PLANEPOWER components...
0.053 [ Info   ][ComponentLoader::import(package, path_list)] Component package 'ocl' already imported.
0.053 [ Info   ][/opt/ros/hydro/bin/rttlua-gnulinux::main()] Loading HIGHWIND hardware related components...
0.053 [ Info   ][ComponentLoader::import(path_list)] Importing directory /home/klarl/planepower/components/carousel2/siemensActuators ...
0.055 [ Info   ][ComponentLoader::import(path_list)] Loaded multi component library '/home/klarl/planepower/components/carousel2/siemensActuators/siemensActuators.so'
0.055 [ Info   ][ComponentLoader::import(path_list)] Loaded component type 'SiemensActuators'
0.055 [ Info   ][ComponentLoader::import(path_list)] Loading typekit libraries from directory /home/klarl/planepower/components/carousel2/siemensActuators/types ...
0.055 [ Info   ][Thread] Creating Thread for scheduler=ORO_SCHED_OTHER, priority=1, CPU affinity=0, with name='siemensActuators'
0.055 [ Info   ][siemensActuators] Thread created with scheduler type 'ORO_SCHED_OTHER', priority 0, cpu affinity 255 and period 0 (PID= 11475 ).
0.056 [ Info   ][loadComponent] Adding siemensActuators as new peer:  OK.
0.056 [ Info   ][/opt/ros/hydro/bin/rttlua-gnulinux::main()] Loading Service or Plugin marshalling in TaskContext siemensActuators
0.056 [ Info   ][ComponentLoader::import(path_list)] Importing directory /home/klarl/planepower/components/carousel2/siemensSensors ...
0.057 [ Info   ][ComponentLoader::import(path_list)] Loaded multi component library '/home/klarl/planepower/components/carousel2/siemensSensors/siemensSensors.so'
0.057 [ Info   ][ComponentLoader::import(path_list)] Loaded component type 'SiemensSensors'
0.057 [ Info   ][ComponentLoader::import(path_list)] Loading typekit libraries from directory /home/klarl/planepower/components/carousel2/siemensSensors/types ...
0.057 [ Info   ][Thread] Creating Thread for scheduler=ORO_SCHED_OTHER, priority=1, CPU affinity=0, with name='siemensSensors'
0.057 [ Info   ][siemensSensors] Thread created with scheduler type 'ORO_SCHED_OTHER', priority 0, cpu affinity 255 and period 0 (PID= 11476 ).
0.057 [ Info   ][loadComponent] Adding siemensSensors as new peer:  OK.
0.057 [ Info   ][/opt/ros/hydro/bin/rttlua-gnulinux::main()] Loading Service or Plugin marshalling in TaskContext siemensSensors
0.058 [ Info   ][ComponentLoader::import(path_list)] Importing directory /home/klarl/planepower/components/carousel2/lineAngleSensor2 ...
0.059 [ Info   ][ComponentLoader::import(path_list)] Loaded multi component library '/home/klarl/planepower/components/carousel2/lineAngleSensor2/lineAngleSensor2.so'
0.059 [ Info   ][ComponentLoader::import(path_list)] Loaded component type 'LineAngleSensor2'
0.059 [ Info   ][ComponentLoader::import(path_list)] Loading typekit libraries from directory /home/klarl/planepower/components/carousel2/lineAngleSensor2/types ...
0.059 [ Info   ][Thread] Creating Thread for scheduler=ORO_SCHED_OTHER, priority=1, CPU affinity=0, with name='lineAngleSensor2'
0.059 [ Info   ][lineAngleSensor2] Thread created with scheduler type 'ORO_SCHED_OTHER', priority 0, cpu affinity 255 and period 0 (PID= 11477 ).
0.059 [ Info   ][loadComponent] Adding lineAngleSensor2 as new peer:  OK.
0.059 [ Info   ][/opt/ros/hydro/bin/rttlua-gnulinux::main()] Loading Service or Plugin marshalling in TaskContext lineAngleSensor2
0.059 [ Info   ][Thread] Creating Thread for scheduler=ORO_SCHED_RT, priority=96, CPU affinity=64, with name='siemensSensors'
0.059 [ Info   ][siemensSensors] Thread created with scheduler type 'ORO_SCHED_RT', priority 96, cpu affinity 64 and period 0 (PID= 11478 ).
0.060 [ Info   ][Thread] Creating Thread for scheduler=ORO_SCHED_RT, priority=96, CPU affinity=64, with name='lineAngleSensor2'
0.060 [ Info   ][lineAngleSensor2] Thread created with scheduler type 'ORO_SCHED_RT', priority 96, cpu affinity 64 and period 0 (PID= 11479 ).
0.060 [ Info   ][Thread] Creating Thread for scheduler=ORO_SCHED_RT, priority=96, CPU affinity=64, with name='siemensActuators'
0.060 [ Info   ][siemensActuators] Thread created with scheduler type 'ORO_SCHED_RT', priority 96, cpu affinity 64 and period 0 (PID= 11480 ).
0.072 [ Info   ][/opt/ros/hydro/bin/rttlua-gnulinux::main()] Loading function generator component...
0.073 [ Info   ][ComponentLoader::import(path_list)] Importing directory /home/klarl/planepower/components/carousel2/functionGenerator ...
0.074 [ Info   ][ComponentLoader::import(path_list)] Loaded multi component library '/home/klarl/planepower/components/carousel2/functionGenerator/functionGenerator.so'
0.074 [ Info   ][ComponentLoader::import(path_list)] Loaded component type 'FunctionGenerator'
0.074 [ Info   ][Thread] Creating Thread for scheduler=ORO_SCHED_OTHER, priority=1, CPU affinity=0, with name='functionGenerator'
0.074 [ Info   ][functionGenerator] Thread created with scheduler type 'ORO_SCHED_OTHER', priority 0, cpu affinity 255 and period 0 (PID= 11481 ).
0.074 [ Info   ][loadComponent] Adding functionGenerator as new peer:  OK.
0.074 [ Info   ][/opt/ros/hydro/bin/rttlua-gnulinux::main()] Loading Service or Plugin marshalling in TaskContext functionGenerator
0.074 [ Info   ][Thread] Creating Thread for scheduler=ORO_SCHED_RT, priority=97, CPU affinity=64, with name='functionGenerator'
0.074 [ Info   ][functionGenerator] Thread created with scheduler type 'ORO_SCHED_RT', priority 97, cpu affinity 64 and period 0.025 (PID= 11482 ).
0.075 [ Info   ][connect] Connected Port functionGenerator.data to  siemensActuators.controls.
0.075 [ Info   ][/opt/ros/hydro/bin/rttlua-gnulinux::main()] Loading HIGHWIND logging related components...
0.077 [ Info   ][/opt/ros/hydro/bin/rttlua-gnulinux::main()] Loading HIGHWIND telemetry related components...
0.078 [ Info   ][ComponentLoader::import(package, path_list)] Loaded multi component library '../../components/carousel2/siemensSensors/types/SiemensDriveState.so'
0.079 [ Info   ][ComponentLoader::import(package, path_list)] Loaded multi component library '../../components/carousel2/gainLoader/types/ControllerGains.so'
0.079 [ Info   ][ComponentLoader::import(package, path_list)] Loaded multi component library '../../components/carousel2/lineAngleSensor2/types/LineAngles.so'
0.080 [ Info   ][ComponentLoader::import(package, path_list)] Loaded multi component library '../../components/carousel2/resampler/types/ResampledMeasurements.so'
0.080 [ Info   ][ComponentLoader::import(package, path_list)] Loaded multi component library '../../components/carousel2/siemensActuators/types/SiemensDriveCommand.so'
0.081 [ Info   ][Thread] Creating Thread for scheduler=ORO_SCHED_OTHER, priority=1, CPU affinity=0, with name='siemensSensorsTelemetry'
0.081 [ Info   ][siemensSensorsTelemetry] Thread created with scheduler type 'ORO_SCHED_OTHER', priority 0, cpu affinity 255 and period 0 (PID= 11485 ).
0.081 [ Info   ][loadComponent] Adding siemensSensorsTelemetry as new peer:  OK.
0.081 [ Info   ][Thread] Creating Thread for scheduler=ORO_SCHED_OTHER, priority=1, CPU affinity=0, with name='lineAngleSensor2Telemetry'
0.081 [ Info   ][lineAngleSensor2Telemetry] Thread created with scheduler type 'ORO_SCHED_OTHER', priority 0, cpu affinity 255 and period 0 (PID= 11486 ).
0.081 [ Info   ][loadComponent] Adding lineAngleSensor2Telemetry as new peer:  OK.
0.081 [ Info   ][Thread] Creating Thread for scheduler=ORO_SCHED_OTHER, priority=1, CPU affinity=0, with name='resampledMeasurementsTelemetry'
0.081 [ Info   ][resampledMeasurementsTelemetry] Thread created with scheduler type 'ORO_SCHED_OTHER', priority 0, cpu affinity 255 and period 0 (PID= 11487 ).
0.081 [ Info   ][loadComponent] Adding resampledMeasurementsTelemetry as new peer:  OK.
0.082 [ Info   ][Thread] Creating Thread for scheduler=ORO_SCHED_OTHER, priority=1, CPU affinity=0, with name='controllerTelemetry'
0.082 [ Info   ][controllerTelemetry] Thread created with scheduler type 'ORO_SCHED_OTHER', priority 0, cpu affinity 255 and period 0 (PID= 11488 ).
0.082 [ Info   ][loadComponent] Adding controllerTelemetry as new peer:  OK.
0.082 [ Info   ][ComponentLoader::import(path_list)] Importing directory /home/klarl/planepower/components/main/HighwindStuff ...
0.082 [ Info   ][ComponentLoader::import(path_list)] Loading typekit libraries from directory /home/klarl/planepower/components/main/HighwindStuff/types ...
0.085 [ Info   ][TypekitRepository::Import] Loading Typekit HighwindTypes.
0.085 [ Info   ][ComponentLoader::import(path_list)] Loaded RTT TypeKit/Transport 'HighwindTypes' from 'HighwindTypes.so'
0.085 [ Info   ][ComponentLoader::import(path_list)] Loading plugin libraries from directory /home/klarl/planepower/components/main/HighwindStuff/plugins ...
0.085 [ Info   ][ComponentLoader::import(path_list)] Loaded RTT Service 'HighwindServices' from 'HighwindServices.so'
0.086 [ Info   ][Thread] Creating Thread for scheduler=ORO_SCHED_RT, priority=30, CPU affinity=2, with name='siemensSensorsTelemetry'
0.086 [ Info   ][siemensSensorsTelemetry] Thread created with scheduler type 'ORO_SCHED_RT', priority 30, cpu affinity 2 and period 0.02 (PID= 11489 ).
0.086 [ Info   ][Thread] Creating Thread for scheduler=ORO_SCHED_RT, priority=30, CPU affinity=2, with name='lineAngleSensor2Telemetry'
0.086 [ Info   ][lineAngleSensor2Telemetry] Thread created with scheduler type 'ORO_SCHED_RT', priority 30, cpu affinity 2 and period 0.02 (PID= 11490 ).
0.086 [ Info   ][Thread] Creating Thread for scheduler=ORO_SCHED_RT, priority=30, CPU affinity=2, with name='resampledMeasurementsTelemetry'
0.086 [ Info   ][resampledMeasurementsTelemetry] Thread created with scheduler type 'ORO_SCHED_RT', priority 30, cpu affinity 2 and period 0.02 (PID= 11491 ).
0.086 [ Info   ][Thread] Creating Thread for scheduler=ORO_SCHED_RT, priority=30, CPU affinity=2, with name='controllerTelemetry'
0.086 [ Info   ][controllerTelemetry] Thread created with scheduler type 'ORO_SCHED_RT', priority 30, cpu affinity 2 and period 0.02 (PID= 11492 ).
0.086 [ Info   ][connect] Connected Port siemensSensors.data to  siemensSensorsTelemetry.msgData.
0.086 [ Info   ][connect] Connected Port lineAngleSensor2.data to  lineAngleSensor2Telemetry.msgData.
0.086 [ Info   ][connect] Connected Port functionGenerator.data to  controllerTelemetry.msgData.
